[ 2017-09-07T13:17:00+08:00 ] 127.0.0.1 127.0.0.1 GET /admin
[ log ] www.tp5.com/admin [运行时间：0.064587s][吞吐率：15.48req/s] [内存消耗：1,586.25kb] [文件加载：46]
[ info ] [ LANG ] E:\xampp\htdocs\tp5\thinkphp\lang\zh-cn.php
[ info ] [ ROUTE ] array (
  'type' => 'module',
  'module' => 
  array (
    0 => 'admin',
    1 => NULL,
    2 => NULL,
  ),
)
[ info ] [ HEADER ] array (
  'host' => 'www.tp5.com',
  'connection' => 'keep-alive',
  'cache-control' => 'max-age=0',
  'user-agent' => 'Mozilla/5.0 (Windows NT 10.0; WOW64) AppleWebKit/537.36 (KHTML, like Gecko) Chrome/62.0.3192.0 Safari/537.36',
  'upgrade-insecure-requests' => '1',
  'accept' => 'text/html,application/xhtml+xml,application/xml;q=0.9,image/webp,image/apng,*/*;q=0.8',
  'accept-encoding' => 'gzip, deflate',
  'accept-language' => 'zh-CN,zh;q=0.8,zh-TW;q=0.6,zh-HK;q=0.4',
  'cookie' => 'pgv_pvi=4638786560; Hm_lvt_d64af1f3b8e241d56f0536501d4bfdd6=1504511792; Hm_lvt_080836300300be57b7f34f4b3e97d911=1504512298',
)
[ info ] [ PARAM ] array (
)
[ info ] [ RUN ] app\admin\controller\Index->index[ E:\xampp\htdocs\tp5\application\admin\controller\Index.php ]
[ info ] [ VIEW ] E:\xampp\htdocs\tp5\public/../application/admin\view\index\index.html [ array (
) ]
[ info ] [ LOG ] INIT File

---------------------------------------------------------------
[ 2017-09-07T13:17:02+08:00 ] 127.0.0.1 127.0.0.1 GET /admin/index/welcome.html
[ log ] www.tp5.com/admin/index/welcome.html [运行时间：0.024022s][吞吐率：41.63req/s] [内存消耗：1,378.60kb] [文件加载：42]
[ info ] [ LANG ] E:\xampp\htdocs\tp5\thinkphp\lang\zh-cn.php
[ info ] [ ROUTE ] array (
  'type' => 'module',
  'module' => 
  array (
    0 => 'admin',
    1 => 'index',
    2 => 'welcome',
  ),
)
[ info ] [ HEADER ] array (
  'host' => 'www.tp5.com',
  'connection' => 'keep-alive',
  'upgrade-insecure-requests' => '1',
  'user-agent' => 'Mozilla/5.0 (Windows NT 10.0; WOW64) AppleWebKit/537.36 (KHTML, like Gecko) Chrome/62.0.3192.0 Safari/537.36',
  'accept' => 'text/html,application/xhtml+xml,application/xml;q=0.9,image/webp,image/apng,*/*;q=0.8',
  'referer' => 'http://www.tp5.com/admin',
  'accept-encoding' => 'gzip, deflate',
  'accept-language' => 'zh-CN,zh;q=0.8,zh-TW;q=0.6,zh-HK;q=0.4',
  'cookie' => 'pgv_pvi=4638786560; Hm_lvt_d64af1f3b8e241d56f0536501d4bfdd6=1504511792; Hm_lvt_080836300300be57b7f34f4b3e97d911=1504512298',
)
[ info ] [ PARAM ] array (
)
[ info ] [ RUN ] app\admin\controller\Index->welcome[ E:\xampp\htdocs\tp5\application\admin\controller\Index.php ]
[ info ] [ LOG ] INIT File

---------------------------------------------------------------
[ 2017-09-07T13:17:10+08:00 ] 127.0.0.1 127.0.0.1 GET /admin/bis/apply.html
[ log ] www.tp5.com/admin/bis/apply.html [运行时间：2.178181s][吞吐率：0.46req/s] [内存消耗：2,286.65kb] [文件加载：55]
[ info ] [ LANG ] E:\xampp\htdocs\tp5\thinkphp\lang\zh-cn.php
[ info ] [ ROUTE ] array (
  'type' => 'module',
  'module' => 
  array (
    0 => 'admin',
    1 => 'bis',
    2 => 'apply',
  ),
)
[ info ] [ HEADER ] array (
  'host' => 'www.tp5.com',
  'connection' => 'keep-alive',
  'upgrade-insecure-requests' => '1',
  'user-agent' => 'Mozilla/5.0 (Windows NT 10.0; WOW64) AppleWebKit/537.36 (KHTML, like Gecko) Chrome/62.0.3192.0 Safari/537.36',
  'accept' => 'text/html,application/xhtml+xml,application/xml;q=0.9,image/webp,image/apng,*/*;q=0.8',
  'referer' => 'http://www.tp5.com/admin',
  'accept-encoding' => 'gzip, deflate',
  'accept-language' => 'zh-CN,zh;q=0.8,zh-TW;q=0.6,zh-HK;q=0.4',
  'cookie' => 'pgv_pvi=4638786560; Hm_lvt_d64af1f3b8e241d56f0536501d4bfdd6=1504511792; Hm_lvt_080836300300be57b7f34f4b3e97d911=1504512298',
)
[ info ] [ PARAM ] array (
)
[ info ] [ RUN ] app\admin\controller\Bis->apply[ E:\xampp\htdocs\tp5\application\admin\controller\Bis.php ]
[ info ] [ DB ] INIT mysql
[ info ] [ LOG ] INIT File

---------------------------------------------------------------
[ 2017-09-07T13:18:47+08:00 ] 127.0.0.1 127.0.0.1 GET /admin/category/index.html
[ log ] www.tp5.com/admin/category/index.html [运行时间：2.114702s][吞吐率：0.47req/s] [内存消耗：2,283.52kb] [文件加载：55]
[ info ] [ LANG ] E:\xampp\htdocs\tp5\thinkphp\lang\zh-cn.php
[ info ] [ ROUTE ] array (
  'type' => 'module',
  'module' => 
  array (
    0 => 'admin',
    1 => 'category',
    2 => 'index',
  ),
)
[ info ] [ HEADER ] array (
  'host' => 'www.tp5.com',
  'connection' => 'keep-alive',
  'upgrade-insecure-requests' => '1',
  'user-agent' => 'Mozilla/5.0 (Windows NT 10.0; WOW64) AppleWebKit/537.36 (KHTML, like Gecko) Chrome/62.0.3192.0 Safari/537.36',
  'accept' => 'text/html,application/xhtml+xml,application/xml;q=0.9,image/webp,image/apng,*/*;q=0.8',
  'referer' => 'http://www.tp5.com/admin',
  'accept-encoding' => 'gzip, deflate',
  'accept-language' => 'zh-CN,zh;q=0.8,zh-TW;q=0.6,zh-HK;q=0.4',
  'cookie' => 'pgv_pvi=4638786560; Hm_lvt_d64af1f3b8e241d56f0536501d4bfdd6=1504511792; Hm_lvt_080836300300be57b7f34f4b3e97d911=1504512298',
)
[ info ] [ PARAM ] array (
)
[ info ] [ RUN ] app\admin\controller\Category->index[ E:\xampp\htdocs\tp5\application\admin\controller\Category.php ]
[ info ] [ DB ] INIT mysql
[ info ] [ LOG ] INIT File

---------------------------------------------------------------
[ 2017-09-07T13:20:46+08:00 ] 127.0.0.1 127.0.0.1 GET /admin
[ log ] www.tp5.com/admin [运行时间：0.172464s][吞吐率：5.80req/s] [内存消耗：1,438.05kb] [文件加载：44]
[ info ] [ LANG ] E:\xampp\htdocs\tp5\thinkphp\lang\zh-cn.php
[ info ] [ ROUTE ] array (
  'type' => 'module',
  'module' => 
  array (
    0 => 'admin',
    1 => NULL,
    2 => NULL,
  ),
)
[ info ] [ HEADER ] array (
  'host' => 'www.tp5.com',
  'connection' => 'keep-alive',
  'cache-control' => 'max-age=0',
  'user-agent' => 'Mozilla/5.0 (Windows NT 10.0; WOW64) AppleWebKit/537.36 (KHTML, like Gecko) Chrome/62.0.3192.0 Safari/537.36',
  'upgrade-insecure-requests' => '1',
  'accept' => 'text/html,application/xhtml+xml,application/xml;q=0.9,image/webp,image/apng,*/*;q=0.8',
  'accept-encoding' => 'gzip, deflate',
  'accept-language' => 'zh-CN,zh;q=0.8,zh-TW;q=0.6,zh-HK;q=0.4',
  'cookie' => 'pgv_pvi=4638786560; Hm_lvt_d64af1f3b8e241d56f0536501d4bfdd6=1504511792; Hm_lvt_080836300300be57b7f34f4b3e97d911=1504512298',
)
[ info ] [ PARAM ] array (
)
[ info ] [ RUN ] app\admin\controller\Index->index[ E:\xampp\htdocs\tp5\application\admin\controller\Index.php ]
[ info ] [ VIEW ] E:\xampp\htdocs\tp5\public/../application/admin\view\index\index.html [ array (
) ]
[ info ] [ LOG ] INIT File

---------------------------------------------------------------
[ 2017-09-07T13:20:47+08:00 ] 127.0.0.1 127.0.0.1 GET /admin/index/welcome.html
[ log ] www.tp5.com/admin/index/welcome.html [运行时间：0.024802s][吞吐率：40.32req/s] [内存消耗：1,378.64kb] [文件加载：42]
[ info ] [ LANG ] E:\xampp\htdocs\tp5\thinkphp\lang\zh-cn.php
[ info ] [ ROUTE ] array (
  'type' => 'module',
  'module' => 
  array (
    0 => 'admin',
    1 => 'index',
    2 => 'welcome',
  ),
)
[ info ] [ HEADER ] array (
  'host' => 'www.tp5.com',
  'connection' => 'keep-alive',
  'upgrade-insecure-requests' => '1',
  'user-agent' => 'Mozilla/5.0 (Windows NT 10.0; WOW64) AppleWebKit/537.36 (KHTML, like Gecko) Chrome/62.0.3192.0 Safari/537.36',
  'accept' => 'text/html,application/xhtml+xml,application/xml;q=0.9,image/webp,image/apng,*/*;q=0.8',
  'referer' => 'http://www.tp5.com/admin',
  'accept-encoding' => 'gzip, deflate',
  'accept-language' => 'zh-CN,zh;q=0.8,zh-TW;q=0.6,zh-HK;q=0.4',
  'cookie' => 'pgv_pvi=4638786560; Hm_lvt_d64af1f3b8e241d56f0536501d4bfdd6=1504511792; Hm_lvt_080836300300be57b7f34f4b3e97d911=1504512298',
)
[ info ] [ PARAM ] array (
)
[ info ] [ RUN ] app\admin\controller\Index->welcome[ E:\xampp\htdocs\tp5\application\admin\controller\Index.php ]
[ info ] [ LOG ] INIT File

---------------------------------------------------------------
[ 2017-09-07T13:20:52+08:00 ] 127.0.0.1 127.0.0.1 GET /admin/bis/apply.html
[ log ] www.tp5.com/admin/bis/apply.html [运行时间：0.182147s][吞吐率：5.49req/s] [内存消耗：2,571.14kb] [文件加载：60]
[ info ] [ LANG ] E:\xampp\htdocs\tp5\thinkphp\lang\zh-cn.php
[ info ] [ ROUTE ] array (
  'type' => 'module',
  'module' => 
  array (
    0 => 'admin',
    1 => 'bis',
    2 => 'apply',
  ),
)
[ info ] [ HEADER ] array (
  'host' => 'www.tp5.com',
  'connection' => 'keep-alive',
  'upgrade-insecure-requests' => '1',
  'user-agent' => 'Mozilla/5.0 (Windows NT 10.0; WOW64) AppleWebKit/537.36 (KHTML, like Gecko) Chrome/62.0.3192.0 Safari/537.36',
  'accept' => 'text/html,application/xhtml+xml,application/xml;q=0.9,image/webp,image/apng,*/*;q=0.8',
  'referer' => 'http://www.tp5.com/admin',
  'accept-encoding' => 'gzip, deflate',
  'accept-language' => 'zh-CN,zh;q=0.8,zh-TW;q=0.6,zh-HK;q=0.4',
  'cookie' => 'pgv_pvi=4638786560; Hm_lvt_d64af1f3b8e241d56f0536501d4bfdd6=1504511792; Hm_lvt_080836300300be57b7f34f4b3e97d911=1504512298',
)
[ info ] [ PARAM ] array (
)
[ info ] [ RUN ] app\admin\controller\Bis->apply[ E:\xampp\htdocs\tp5\application\admin\controller\Bis.php ]
[ info ] [ DB ] INIT mysql
[ info ] [ VIEW ] E:\xampp\htdocs\tp5\public/../application/admin\view\bis\apply.html [ array (
  0 => 'bis',
) ]
[ info ] [ LOG ] INIT File

---------------------------------------------------------------
[ 2017-09-07T13:20:57+08:00 ] 127.0.0.1 127.0.0.1 GET /admin/bis/status.html?id=31&status=1
[ log ] www.tp5.com/admin/bis/status.html?id=31&status=1 [运行时间：0.352113s][吞吐率：2.84req/s] [内存消耗：2,532.86kb] [文件加载：61]
[ info ] [ LANG ] E:\xampp\htdocs\tp5\thinkphp\lang\zh-cn.php
[ info ] [ ROUTE ] array (
  'type' => 'module',
  'module' => 
  array (
    0 => 'admin',
    1 => 'bis',
    2 => 'status',
  ),
)
[ info ] [ HEADER ] array (
  'host' => 'www.tp5.com',
  'connection' => 'keep-alive',
  'upgrade-insecure-requests' => '1',
  'user-agent' => 'Mozilla/5.0 (Windows NT 10.0; WOW64) AppleWebKit/537.36 (KHTML, like Gecko) Chrome/62.0.3192.0 Safari/537.36',
  'accept' => 'text/html,application/xhtml+xml,application/xml;q=0.9,image/webp,image/apng,*/*;q=0.8',
  'referer' => 'http://www.tp5.com/admin/bis/apply.html',
  'accept-encoding' => 'gzip, deflate',
  'accept-language' => 'zh-CN,zh;q=0.8,zh-TW;q=0.6,zh-HK;q=0.4',
  'cookie' => 'pgv_pvi=4638786560; Hm_lvt_d64af1f3b8e241d56f0536501d4bfdd6=1504511792; Hm_lvt_080836300300be57b7f34f4b3e97d911=1504512298',
)
[ info ] [ PARAM ] array (
  'id' => '31',
  'status' => '1',
)
[ info ] [ RUN ] app\admin\controller\Bis->status[ E:\xampp\htdocs\tp5\application\admin\controller\Bis.php ]
[ info ] [ DB ] INIT mysql
[ info ] [ CACHE ] INIT File
[ info ] [ VIEW ] E:\xampp\htdocs\tp5\thinkphp\tpl\dispatch_jump.tpl [ array (
  0 => 'code',
  1 => 'msg',
  2 => 'data',
  3 => 'url',
  4 => 'wait',
) ]
[ info ] [ LOG ] INIT File

---------------------------------------------------------------
[ 2017-09-07T13:21:00+08:00 ] 127.0.0.1 127.0.0.1 GET /admin/bis/apply.html
[ log ] www.tp5.com/admin/bis/apply.html [运行时间：0.115514s][吞吐率：8.66req/s] [内存消耗：2,363.91kb] [文件加载：57]
[ info ] [ LANG ] E:\xampp\htdocs\tp5\thinkphp\lang\zh-cn.php
[ info ] [ ROUTE ] array (
  'type' => 'module',
  'module' => 
  array (
    0 => 'admin',
    1 => 'bis',
    2 => 'apply',
  ),
)
[ info ] [ HEADER ] array (
  'host' => 'www.tp5.com',
  'connection' => 'keep-alive',
  'upgrade-insecure-requests' => '1',
  'user-agent' => 'Mozilla/5.0 (Windows NT 10.0; WOW64) AppleWebKit/537.36 (KHTML, like Gecko) Chrome/62.0.3192.0 Safari/537.36',
  'accept' => 'text/html,application/xhtml+xml,application/xml;q=0.9,image/webp,image/apng,*/*;q=0.8',
  'referer' => 'http://www.tp5.com/admin/bis/status.html?id=31&status=1',
  'accept-encoding' => 'gzip, deflate',
  'accept-language' => 'zh-CN,zh;q=0.8,zh-TW;q=0.6,zh-HK;q=0.4',
  'cookie' => 'pgv_pvi=4638786560; Hm_lvt_d64af1f3b8e241d56f0536501d4bfdd6=1504511792; Hm_lvt_080836300300be57b7f34f4b3e97d911=1504512298',
)
[ info ] [ PARAM ] array (
)
[ info ] [ RUN ] app\admin\controller\Bis->apply[ E:\xampp\htdocs\tp5\application\admin\controller\Bis.php ]
[ info ] [ DB ] INIT mysql
[ info ] [ VIEW ] E:\xampp\htdocs\tp5\public/../application/admin\view\bis\apply.html [ array (
  0 => 'bis',
) ]
[ info ] [ LOG ] INIT File

---------------------------------------------------------------
[ 2017-09-07T13:21:17+08:00 ] 127.0.0.1 127.0.0.1 GET /admin/bis/index.html
[ log ] www.tp5.com/admin/bis/index.html [运行时间：0.107310s][吞吐率：9.32req/s] [内存消耗：2,646.38kb] [文件加载：60]
[ info ] [ LANG ] E:\xampp\htdocs\tp5\thinkphp\lang\zh-cn.php
[ info ] [ ROUTE ] array (
  'type' => 'module',
  'module' => 
  array (
    0 => 'admin',
    1 => 'bis',
    2 => 'index',
  ),
)
[ info ] [ HEADER ] array (
  'host' => 'www.tp5.com',
  'connection' => 'keep-alive',
  'upgrade-insecure-requests' => '1',
  'user-agent' => 'Mozilla/5.0 (Windows NT 10.0; WOW64) AppleWebKit/537.36 (KHTML, like Gecko) Chrome/62.0.3192.0 Safari/537.36',
  'accept' => 'text/html,application/xhtml+xml,application/xml;q=0.9,image/webp,image/apng,*/*;q=0.8',
  'referer' => 'http://www.tp5.com/admin',
  'accept-encoding' => 'gzip, deflate',
  'accept-language' => 'zh-CN,zh;q=0.8,zh-TW;q=0.6,zh-HK;q=0.4',
  'cookie' => 'pgv_pvi=4638786560; Hm_lvt_d64af1f3b8e241d56f0536501d4bfdd6=1504511792; Hm_lvt_080836300300be57b7f34f4b3e97d911=1504512298',
)
[ info ] [ PARAM ] array (
)
[ info ] [ RUN ] app\admin\controller\Bis->index[ E:\xampp\htdocs\tp5\application\admin\controller\Bis.php ]
[ info ] [ DB ] INIT mysql
[ info ] [ VIEW ] E:\xampp\htdocs\tp5\public/../application/admin\view\bis\index.html [ array (
  0 => 'bis',
) ]
[ info ] [ LOG ] INIT File

---------------------------------------------------------------
[ 2017-09-07T13:23:33+08:00 ] 127.0.0.1 127.0.0.1 GET /admin/deal/apply.html
[ log ] www.tp5.com/admin/deal/apply.html [运行时间：0.251201s][吞吐率：3.98req/s] [内存消耗：2,694.59kb] [文件加载：63]
[ info ] [ LANG ] E:\xampp\htdocs\tp5\thinkphp\lang\zh-cn.php
[ info ] [ ROUTE ] array (
  'type' => 'module',
  'module' => 
  array (
    0 => 'admin',
    1 => 'deal',
    2 => 'apply',
  ),
)
[ info ] [ HEADER ] array (
  'host' => 'www.tp5.com',
  'connection' => 'keep-alive',
  'upgrade-insecure-requests' => '1',
  'user-agent' => 'Mozilla/5.0 (Windows NT 10.0; WOW64) AppleWebKit/537.36 (KHTML, like Gecko) Chrome/62.0.3192.0 Safari/537.36',
  'accept' => 'text/html,application/xhtml+xml,application/xml;q=0.9,image/webp,image/apng,*/*;q=0.8',
  'referer' => 'http://www.tp5.com/admin',
  'accept-encoding' => 'gzip, deflate',
  'accept-language' => 'zh-CN,zh;q=0.8,zh-TW;q=0.6,zh-HK;q=0.4',
  'cookie' => 'pgv_pvi=4638786560; Hm_lvt_d64af1f3b8e241d56f0536501d4bfdd6=1504511792; Hm_lvt_080836300300be57b7f34f4b3e97d911=1504512298',
)
[ info ] [ PARAM ] array (
)
[ info ] [ RUN ] app\admin\controller\Deal->apply[ E:\xampp\htdocs\tp5\application\admin\controller\Deal.php ]
[ info ] [ DB ] INIT mysql
[ info ] [ VIEW ] E:\xampp\htdocs\tp5\public/../application/admin\view\deal\apply.html [ array (
  0 => 'categorys',
  1 => 'citys',
  2 => 'deals',
  3 => 'category_id',
  4 => 'city_id',
  5 => 'start_time',
  6 => 'end_time',
  7 => 'name',
  8 => 'categoryArrs',
  9 => 'cityArrs',
) ]
[ info ] [ LOG ] INIT File

---------------------------------------------------------------
[ 2017-09-07T13:23:38+08:00 ] 127.0.0.1 127.0.0.1 GET /admin/featured/add.html
[ log ] www.tp5.com/admin/featured/add.html [运行时间：0.066480s][吞吐率：15.04req/s] [内存消耗：1,820.20kb] [文件加载：50]
[ info ] [ LANG ] E:\xampp\htdocs\tp5\thinkphp\lang\zh-cn.php
[ info ] [ ROUTE ] array (
  'type' => 'module',
  'module' => 
  array (
    0 => 'admin',
    1 => 'featured',
    2 => 'add',
  ),
)
[ info ] [ HEADER ] array (
  'host' => 'www.tp5.com',
  'connection' => 'keep-alive',
  'upgrade-insecure-requests' => '1',
  'user-agent' => 'Mozilla/5.0 (Windows NT 10.0; WOW64) AppleWebKit/537.36 (KHTML, like Gecko) Chrome/62.0.3192.0 Safari/537.36',
  'accept' => 'text/html,application/xhtml+xml,application/xml;q=0.9,image/webp,image/apng,*/*;q=0.8',
  'referer' => 'http://www.tp5.com/admin',
  'accept-encoding' => 'gzip, deflate',
  'accept-language' => 'zh-CN,zh;q=0.8,zh-TW;q=0.6,zh-HK;q=0.4',
  'cookie' => 'pgv_pvi=4638786560; Hm_lvt_d64af1f3b8e241d56f0536501d4bfdd6=1504511792; Hm_lvt_080836300300be57b7f34f4b3e97d911=1504512298',
)
[ info ] [ PARAM ] array (
)
[ info ] [ RUN ] app\admin\controller\Featured->add[ E:\xampp\htdocs\tp5\application\admin\controller\Featured.php ]
[ info ] [ VIEW ] E:\xampp\htdocs\tp5\public/../application/admin\view\featured\add.html [ array (
  0 => 'types',
) ]
[ info ] [ LOG ] INIT File

---------------------------------------------------------------
[ 2017-09-07T13:23:38+08:00 ] 127.0.0.1 127.0.0.1 GET /admin/featured/
[ log ] www.tp5.com/admin/featured/ [运行时间：0.132367s][吞吐率：7.55req/s] [内存消耗：2,571.34kb] [文件加载：61]
[ info ] [ LANG ] E:\xampp\htdocs\tp5\thinkphp\lang\zh-cn.php
[ info ] [ ROUTE ] array (
  'type' => 'module',
  'module' => 
  array (
    0 => 'admin',
    1 => 'featured',
    2 => NULL,
  ),
)
[ info ] [ HEADER ] array (
  'host' => 'www.tp5.com',
  'connection' => 'keep-alive',
  'user-agent' => 'Mozilla/5.0 (Windows NT 10.0; WOW64) AppleWebKit/537.36 (KHTML, like Gecko) Chrome/62.0.3192.0 Safari/537.36',
  'x-requested-with' => 'ShockwaveFlash/26.0.0.151',
  'accept' => '*/*',
  'referer' => 'http://www.tp5.com/admin/featured/add.html',
  'accept-encoding' => 'gzip, deflate',
  'accept-language' => 'zh-CN,zh;q=0.8,zh-TW;q=0.6,zh-HK;q=0.4',
  'cookie' => 'pgv_pvi=4638786560; Hm_lvt_d64af1f3b8e241d56f0536501d4bfdd6=1504511792; Hm_lvt_080836300300be57b7f34f4b3e97d911=1504512298',
)
[ info ] [ PARAM ] array (
)
[ info ] [ RUN ] app\admin\controller\Featured->index[ E:\xampp\htdocs\tp5\application\admin\controller\Featured.php ]
[ info ] [ DB ] INIT mysql
[ info ] [ VIEW ] E:\xampp\htdocs\tp5\public/../application/admin\view\featured\index.html [ array (
  0 => 'types',
  1 => 'results',
) ]
[ info ] [ LOG ] INIT File

---------------------------------------------------------------
[ 2017-09-07T13:23:49+08:00 ] 127.0.0.1 127.0.0.1 GET /admin/category/index.html
[ log ] www.tp5.com/admin/category/index.html [运行时间：0.136816s][吞吐率：7.31req/s] [内存消耗：2,577.66kb] [文件加载：60]
[ info ] [ LANG ] E:\xampp\htdocs\tp5\thinkphp\lang\zh-cn.php
[ info ] [ ROUTE ] array (
  'type' => 'module',
  'module' => 
  array (
    0 => 'admin',
    1 => 'category',
    2 => 'index',
  ),
)
[ info ] [ HEADER ] array (
  'host' => 'www.tp5.com',
  'connection' => 'keep-alive',
  'upgrade-insecure-requests' => '1',
  'user-agent' => 'Mozilla/5.0 (Windows NT 10.0; WOW64) AppleWebKit/537.36 (KHTML, like Gecko) Chrome/62.0.3192.0 Safari/537.36',
  'accept' => 'text/html,application/xhtml+xml,application/xml;q=0.9,image/webp,image/apng,*/*;q=0.8',
  'referer' => 'http://www.tp5.com/admin',
  'accept-encoding' => 'gzip, deflate',
  'accept-language' => 'zh-CN,zh;q=0.8,zh-TW;q=0.6,zh-HK;q=0.4',
  'cookie' => 'pgv_pvi=4638786560; Hm_lvt_d64af1f3b8e241d56f0536501d4bfdd6=1504511792; Hm_lvt_080836300300be57b7f34f4b3e97d911=1504512298',
)
[ info ] [ PARAM ] array (
)
[ info ] [ RUN ] app\admin\controller\Category->index[ E:\xampp\htdocs\tp5\application\admin\controller\Category.php ]
[ info ] [ DB ] INIT mysql
[ info ] [ VIEW ] E:\xampp\htdocs\tp5\public/../application/admin\view\category\index.html [ array (
  0 => 'categorys',
) ]
[ info ] [ LOG ] INIT File

---------------------------------------------------------------
[ 2017-09-07T13:23:56+08:00 ] 127.0.0.1 127.0.0.1 GET /admin/category/status.html?id=9&status=0
[ log ] www.tp5.com/admin/category/status.html?id=9&status=0 [运行时间：0.100674s][吞吐率：9.93req/s] [内存消耗：2,326.49kb] [文件加载：57]
[ info ] [ LANG ] E:\xampp\htdocs\tp5\thinkphp\lang\zh-cn.php
[ info ] [ ROUTE ] array (
  'type' => 'module',
  'module' => 
  array (
    0 => 'admin',
    1 => 'category',
    2 => 'status',
  ),
)
[ info ] [ HEADER ] array (
  'host' => 'www.tp5.com',
  'connection' => 'keep-alive',
  'upgrade-insecure-requests' => '1',
  'user-agent' => 'Mozilla/5.0 (Windows NT 10.0; WOW64) AppleWebKit/537.36 (KHTML, like Gecko) Chrome/62.0.3192.0 Safari/537.36',
  'accept' => 'text/html,application/xhtml+xml,application/xml;q=0.9,image/webp,image/apng,*/*;q=0.8',
  'referer' => 'http://www.tp5.com/admin/category/index.html',
  'accept-encoding' => 'gzip, deflate',
  'accept-language' => 'zh-CN,zh;q=0.8,zh-TW;q=0.6,zh-HK;q=0.4',
  'cookie' => 'pgv_pvi=4638786560; Hm_lvt_d64af1f3b8e241d56f0536501d4bfdd6=1504511792; Hm_lvt_080836300300be57b7f34f4b3e97d911=1504512298',
)
[ info ] [ PARAM ] array (
  'id' => '9',
  'status' => '0',
)
[ info ] [ RUN ] app\admin\controller\Base->status[ E:\xampp\htdocs\tp5\application\admin\controller\Base.php ]
[ info ] [ DB ] INIT mysql
[ info ] [ CACHE ] INIT File
[ info ] [ VIEW ] E:\xampp\htdocs\tp5\thinkphp\tpl\dispatch_jump.tpl [ array (
  0 => 'code',
  1 => 'msg',
  2 => 'data',
  3 => 'url',
  4 => 'wait',
) ]
[ info ] [ LOG ] INIT File

---------------------------------------------------------------
[ 2017-09-07T13:23:57+08:00 ] 127.0.0.1 127.0.0.1 GET /admin/category/index.html
[ log ] www.tp5.com/admin/category/index.html [运行时间：0.080452s][吞吐率：12.43req/s] [内存消耗：2,428.16kb] [文件加载：58]
[ info ] [ LANG ] E:\xampp\htdocs\tp5\thinkphp\lang\zh-cn.php
[ info ] [ ROUTE ] array (
  'type' => 'module',
  'module' => 
  array (
    0 => 'admin',
    1 => 'category',
    2 => 'index',
  ),
)
[ info ] [ HEADER ] array (
  'host' => 'www.tp5.com',
  'connection' => 'keep-alive',
  'upgrade-insecure-requests' => '1',
  'user-agent' => 'Mozilla/5.0 (Windows NT 10.0; WOW64) AppleWebKit/537.36 (KHTML, like Gecko) Chrome/62.0.3192.0 Safari/537.36',
  'accept' => 'text/html,application/xhtml+xml,application/xml;q=0.9,image/webp,image/apng,*/*;q=0.8',
  'referer' => 'http://www.tp5.com/admin/category/status.html?id=9&status=0',
  'accept-encoding' => 'gzip, deflate',
  'accept-language' => 'zh-CN,zh;q=0.8,zh-TW;q=0.6,zh-HK;q=0.4',
  'cookie' => 'pgv_pvi=4638786560; Hm_lvt_d64af1f3b8e241d56f0536501d4bfdd6=1504511792; Hm_lvt_080836300300be57b7f34f4b3e97d911=1504512298',
)
[ info ] [ PARAM ] array (
)
[ info ] [ RUN ] app\admin\controller\Category->index[ E:\xampp\htdocs\tp5\application\admin\controller\Category.php ]
[ info ] [ DB ] INIT mysql
[ info ] [ VIEW ] E:\xampp\htdocs\tp5\public/../application/admin\view\category\index.html [ array (
  0 => 'categorys',
) ]
[ info ] [ LOG ] INIT File

---------------------------------------------------------------
